Build started 28/04/2013 14:09:54.
     1>Project "C:\Users\MegaEduX\Documents\puzzle\Puzzle\Puzzle.vcxproj" on node 2 (Build target(s)).
     1>ClCompile:
         C:\Program Files (x86)\Microsoft Visual Studio 11.0\VC\bin\CL.exe /c /ZI /nologo /W3 /WX- /Od /Oy- /D WIN32 /D _DEBUG /D _CONSOLE /D _UNICODE /D UNICODE /Gm /EHsc /RTC1 /MDd /GS /fp:precise /Zc:wchar_t /Zc:forScope /Fo"Debug\\" /Fd"Debug\vc110.pdb" /Gd /TP /analyze- /errorReport:prompt io.cpp
         io.cpp
     1>c:\users\megaedux\documents\puzzle\puzzle\io.cpp(26): warning C4996: 'sprintf': This function or variable may be unsafe. Consider using sprintf_s instead. To disable deprecation, use _CRT_SECURE_NO_WARNINGS. See online help for details.
                 c:\program files (x86)\microsoft visual studio 11.0\vc\include\stdio.h(357) : see declaration of 'sprintf'
     1>c:\users\megaedux\documents\puzzle\puzzle\io.cpp(139): warning C4996: 'sprintf': This function or variable may be unsafe. Consider using sprintf_s instead. To disable deprecation, use _CRT_SECURE_NO_WARNINGS. See online help for details.
                 c:\program files (x86)\microsoft visual studio 11.0\vc\include\stdio.h(357) : see declaration of 'sprintf'
     1>c:\users\megaedux\documents\puzzle\puzzle\io.cpp(196): warning C4996: 'sprintf': This function or variable may be unsafe. Consider using sprintf_s instead. To disable deprecation, use _CRT_SECURE_NO_WARNINGS. See online help for details.
                 c:\program files (x86)\microsoft visual studio 11.0\vc\include\stdio.h(357) : see declaration of 'sprintf'
     1>c:\users\megaedux\documents\puzzle\puzzle\io.cpp(230): warning C4996: 'sprintf': This function or variable may be unsafe. Consider using sprintf_s instead. To disable deprecation, use _CRT_SECURE_NO_WARNINGS. See online help for details.
                 c:\program files (x86)\microsoft visual studio 11.0\vc\include\stdio.h(357) : see declaration of 'sprintf'
     1>c:\users\megaedux\documents\puzzle\puzzle\io.cpp(229): warning C4101: 'theName' : unreferenced local variable
     1>c:\users\megaedux\documents\puzzle\puzzle\io.cpp(310): warning C4996: 'sprintf': This function or variable may be unsafe. Consider using sprintf_s instead. To disable deprecation, use _CRT_SECURE_NO_WARNINGS. See online help for details.
                 c:\program files (x86)\microsoft visual studio 11.0\vc\include\stdio.h(357) : see declaration of 'sprintf'
       Link:
         C:\Program Files (x86)\Microsoft Visual Studio 11.0\VC\bin\link.exe /ERRORREPORT:PROMPT /OUT:"C:\Users\MegaEduX\Documents\puzzle\Debug\Puzzle.exe" /INCREMENTAL /NOLOGO kernel32.lib user32.lib gdi32.lib winspool.lib comdlg32.lib advapi32.lib shell32.lib ole32.lib oleaut32.lib uuid.lib odbc32.lib odbccp32.lib /MANIFEST /MANIFESTUAC:"level='asInvoker' uiAccess='false'" /manifest:embed /DEBUG /PDB:"C:\Users\MegaEduX\Documents\puzzle\Debug\Puzzle.pdb" /SUBSYSTEM:CONSOLE /TLBID:1 /DYNAMICBASE /NXCOMPAT /IMPLIB:"C:\Users\MegaEduX\Documents\puzzle\Debug\Puzzle.lib" /MACHINE:X86 Debug\functions.obj
         Debug\game.obj
         Debug\io.obj
         Debug\main.obj
         Debug\piece.obj
         Debug\table.obj
         Puzzle.vcxproj -> C:\Users\MegaEduX\Documents\puzzle\Debug\Puzzle.exe
     1>Done Building Project "C:\Users\MegaEduX\Documents\puzzle\Puzzle\Puzzle.vcxproj" (Build target(s)).

Build succeeded.

Time Elapsed 00:00:01.43
